find_library: checking for main() in -lgecodesupport... -------------------- yes

"gcc-4.2 -o conftest -I/usr/local/var/rbenv/versions/2.0.0-p481/include/ruby-2.0.0/x86_64-darwin12.5.0 -I/usr/local/var/rbenv/versions/2.0.0-p481/include/ruby-2.0.0/ruby/backward -I/usr/local/var/rbenv/versions/2.0.0-p481/include/ruby-2.0.0 -I. -I/usr/local/var/rbenv/versions/2.0.0-p481/include  -D_XOPEN_SOURCE -D_DARWIN_C_SOURCE -D_DARWIN_UNLIMITED_SELECT -D_REENTRANT    -O3 -Wno-error=shorten-64-to-32  -pipe conftest.c  -L. -L/usr/local/var/rbenv/versions/2.0.0-p481/lib -L. -L/usr/local/var/rbenv/versions/2.0.0-p481/lib      -lruby-static  -lpthread -ldl -lobjc "
checked program was:
/* begin */
1: #include "ruby.h"
2: 
3: int main(int argc, char **argv)
4: {
5:   return 0;
6: }
/* end */

"gcc-4.2 -o conftest -I/usr/local/var/rbenv/versions/2.0.0-p481/include/ruby-2.0.0/x86_64-darwin12.5.0 -I/usr/local/var/rbenv/versions/2.0.0-p481/include/ruby-2.0.0/ruby/backward -I/usr/local/var/rbenv/versions/2.0.0-p481/include/ruby-2.0.0 -I. -I/usr/local/var/rbenv/versions/2.0.0-p481/include  -D_XOPEN_SOURCE -D_DARWIN_C_SOURCE -D_DARWIN_UNLIMITED_SELECT -D_REENTRANT    -O3 -Wno-error=shorten-64-to-32  -pipe conftest.c  -L. -L/usr/local/var/rbenv/versions/2.0.0-p481/lib -L. -L/usr/local/var/rbenv/versions/2.0.0-p481/lib      -lruby-static -lgecodesupport  -lpthread -ldl -lobjc "
conftest.c: In function ‘t’:
conftest.c:5: error: ‘main’ undeclared (first use in this function)
conftest.c:5: error: (Each undeclared identifier is reported only once
conftest.c:5: error: for each function it appears in.)
checked program was:
/* begin */
 1: #include "ruby.h"
 2: 
 3: /*top*/
 4: extern int t(void);
 5: int t(void) { void ((*volatile p)()); p = (void ((*)()))main; return 0; }
 6: int main(int argc, char **argv)
 7: {
 8:   if (argc > 1000000) {
 9:     printf("%p", &t);
10:   }
11: 
12:   return 0;
13: }
/* end */

"gcc-4.2 -o conftest -I/usr/local/var/rbenv/versions/2.0.0-p481/include/ruby-2.0.0/x86_64-darwin12.5.0 -I/usr/local/var/rbenv/versions/2.0.0-p481/include/ruby-2.0.0/ruby/backward -I/usr/local/var/rbenv/versions/2.0.0-p481/include/ruby-2.0.0 -I. -I/usr/local/var/rbenv/versions/2.0.0-p481/include  -D_XOPEN_SOURCE -D_DARWIN_C_SOURCE -D_DARWIN_UNLIMITED_SELECT -D_REENTRANT    -O3 -Wno-error=shorten-64-to-32  -pipe conftest.c  -L. -L/usr/local/var/rbenv/versions/2.0.0-p481/lib -L. -L/usr/local/var/rbenv/versions/2.0.0-p481/lib      -lruby-static -lgecodesupport  -lpthread -ldl -lobjc "
ld: library not found for -lgecodesupport
collect2: ld returned 1 exit status
checked program was:
/* begin */
 1: #include "ruby.h"
 2: 
 3: /*top*/
 4: extern int t(void);
 5: int t(void) { main(); return 0; }
 6: int main(int argc, char **argv)
 7: {
 8:   if (argc > 1000000) {
 9:     printf("%p", &t);
10:   }
11: 
12:   return 0;
13: }
/* end */

"gcc-4.2 -o conftest -I/usr/local/var/rbenv/versions/2.0.0-p481/include/ruby-2.0.0/x86_64-darwin12.5.0 -I/usr/local/var/rbenv/versions/2.0.0-p481/include/ruby-2.0.0/ruby/backward -I/usr/local/var/rbenv/versions/2.0.0-p481/include/ruby-2.0.0 -I. -I/usr/local/var/rbenv/versions/2.0.0-p481/include  -D_XOPEN_SOURCE -D_DARWIN_C_SOURCE -D_DARWIN_UNLIMITED_SELECT -D_REENTRANT    -O3 -Wno-error=shorten-64-to-32  -pipe conftest.c  -L. -L/usr/local/var/rbenv/versions/2.0.0-p481/lib -L/Users/cfreiden/Devs/devs_chef/server_deployement/kitchen_nightmare/.gems/gems/dep-selector-libgecode-1.0.1/lib/dep-selector-libgecode/vendored-gecode/lib -L. -L/usr/local/var/rbenv/versions/2.0.0-p481/lib      -lruby-static -lgecodesupport  -lpthread -ldl -lobjc "
conftest.c: In function ‘t’:
conftest.c:5: error: ‘main’ undeclared (first use in this function)
conftest.c:5: error: (Each undeclared identifier is reported only once
conftest.c:5: error: for each function it appears in.)
checked program was:
/* begin */
 1: #include "ruby.h"
 2: 
 3: /*top*/
 4: extern int t(void);
 5: int t(void) { void ((*volatile p)()); p = (void ((*)()))main; return 0; }
 6: int main(int argc, char **argv)
 7: {
 8:   if (argc > 1000000) {
 9:     printf("%p", &t);
10:   }
11: 
12:   return 0;
13: }
/* end */

"gcc-4.2 -o conftest -I/usr/local/var/rbenv/versions/2.0.0-p481/include/ruby-2.0.0/x86_64-darwin12.5.0 -I/usr/local/var/rbenv/versions/2.0.0-p481/include/ruby-2.0.0/ruby/backward -I/usr/local/var/rbenv/versions/2.0.0-p481/include/ruby-2.0.0 -I. -I/usr/local/var/rbenv/versions/2.0.0-p481/include  -D_XOPEN_SOURCE -D_DARWIN_C_SOURCE -D_DARWIN_UNLIMITED_SELECT -D_REENTRANT    -O3 -Wno-error=shorten-64-to-32  -pipe conftest.c  -L. -L/usr/local/var/rbenv/versions/2.0.0-p481/lib -L/Users/cfreiden/Devs/devs_chef/server_deployement/kitchen_nightmare/.gems/gems/dep-selector-libgecode-1.0.1/lib/dep-selector-libgecode/vendored-gecode/lib -L. -L/usr/local/var/rbenv/versions/2.0.0-p481/lib      -lruby-static -lgecodesupport  -lpthread -ldl -lobjc "
checked program was:
/* begin */
 1: #include "ruby.h"
 2: 
 3: /*top*/
 4: extern int t(void);
 5: int t(void) { main(); return 0; }
 6: int main(int argc, char **argv)
 7: {
 8:   if (argc > 1000000) {
 9:     printf("%p", &t);
10:   }
11: 
12:   return 0;
13: }
/* end */

--------------------

have_library: checking for main() in -lgecodesupport... -------------------- yes

"gcc-4.2 -o conftest -I/usr/local/var/rbenv/versions/2.0.0-p481/include/ruby-2.0.0/x86_64-darwin12.5.0 -I/usr/local/var/rbenv/versions/2.0.0-p481/include/ruby-2.0.0/ruby/backward -I/usr/local/var/rbenv/versions/2.0.0-p481/include/ruby-2.0.0 -I. -I/Users/cfreiden/Devs/devs_chef/server_deployement/kitchen_nightmare/.gems/gems/dep-selector-libgecode-1.0.1/lib/dep-selector-libgecode/vendored-gecode/include -I/usr/local/var/rbenv/versions/2.0.0-p481/include  -D_XOPEN_SOURCE -D_DARWIN_C_SOURCE -D_DARWIN_UNLIMITED_SELECT -D_REENTRANT    -O3 -Wno-error=shorten-64-to-32  -pipe conftest.c  -L. -L/usr/local/var/rbenv/versions/2.0.0-p481/lib -L/Users/cfreiden/Devs/devs_chef/server_deployement/kitchen_nightmare/.gems/gems/dep-selector-libgecode-1.0.1/lib/dep-selector-libgecode/vendored-gecode/lib -L. -L/usr/local/var/rbenv/versions/2.0.0-p481/lib     -lgecodesupport  -lruby-static -lgecodesupport -lgecodesupport  -lpthread -ldl -lobjc "
conftest.c: In function ‘t’:
conftest.c:5: error: ‘main’ undeclared (first use in this function)
conftest.c:5: error: (Each undeclared identifier is reported only once
conftest.c:5: error: for each function it appears in.)
checked program was:
/* begin */
 1: #include "ruby.h"
 2: 
 3: /*top*/
 4: extern int t(void);
 5: int t(void) { void ((*volatile p)()); p = (void ((*)()))main; return 0; }
 6: int main(int argc, char **argv)
 7: {
 8:   if (argc > 1000000) {
 9:     printf("%p", &t);
10:   }
11: 
12:   return 0;
13: }
/* end */

"gcc-4.2 -o conftest -I/usr/local/var/rbenv/versions/2.0.0-p481/include/ruby-2.0.0/x86_64-darwin12.5.0 -I/usr/local/var/rbenv/versions/2.0.0-p481/include/ruby-2.0.0/ruby/backward -I/usr/local/var/rbenv/versions/2.0.0-p481/include/ruby-2.0.0 -I. -I/Users/cfreiden/Devs/devs_chef/server_deployement/kitchen_nightmare/.gems/gems/dep-selector-libgecode-1.0.1/lib/dep-selector-libgecode/vendored-gecode/include -I/usr/local/var/rbenv/versions/2.0.0-p481/include  -D_XOPEN_SOURCE -D_DARWIN_C_SOURCE -D_DARWIN_UNLIMITED_SELECT -D_REENTRANT    -O3 -Wno-error=shorten-64-to-32  -pipe conftest.c  -L. -L/usr/local/var/rbenv/versions/2.0.0-p481/lib -L/Users/cfreiden/Devs/devs_chef/server_deployement/kitchen_nightmare/.gems/gems/dep-selector-libgecode-1.0.1/lib/dep-selector-libgecode/vendored-gecode/lib -L. -L/usr/local/var/rbenv/versions/2.0.0-p481/lib     -lgecodesupport  -lruby-static -lgecodesupport -lgecodesupport  -lpthread -ldl -lobjc "
checked program was:
/* begin */
 1: #include "ruby.h"
 2: 
 3: /*top*/
 4: extern int t(void);
 5: int t(void) { main(); return 0; }
 6: int main(int argc, char **argv)
 7: {
 8:   if (argc > 1000000) {
 9:     printf("%p", &t);
10:   }
11: 
12:   return 0;
13: }
/* end */

--------------------

have_library: checking for main() in -lgecodekernel... -------------------- yes

"gcc-4.2 -o conftest -I/usr/local/var/rbenv/versions/2.0.0-p481/include/ruby-2.0.0/x86_64-darwin12.5.0 -I/usr/local/var/rbenv/versions/2.0.0-p481/include/ruby-2.0.0/ruby/backward -I/usr/local/var/rbenv/versions/2.0.0-p481/include/ruby-2.0.0 -I. -I/Users/cfreiden/Devs/devs_chef/server_deployement/kitchen_nightmare/.gems/gems/dep-selector-libgecode-1.0.1/lib/dep-selector-libgecode/vendored-gecode/include -I/usr/local/var/rbenv/versions/2.0.0-p481/include  -D_XOPEN_SOURCE -D_DARWIN_C_SOURCE -D_DARWIN_UNLIMITED_SELECT -D_REENTRANT    -O3 -Wno-error=shorten-64-to-32  -pipe conftest.c  -L. -L/usr/local/var/rbenv/versions/2.0.0-p481/lib -L/Users/cfreiden/Devs/devs_chef/server_deployement/kitchen_nightmare/.gems/gems/dep-selector-libgecode-1.0.1/lib/dep-selector-libgecode/vendored-gecode/lib -L. -L/usr/local/var/rbenv/versions/2.0.0-p481/lib     -lgecodesupport -lgecodesupport  -lruby-static -lgecodekernel -lgecodesupport -lgecodesupport  -lpthread -ldl -lobjc "
conftest.c: In function ‘t’:
conftest.c:5: error: ‘main’ undeclared (first use in this function)
conftest.c:5: error: (Each undeclared identifier is reported only once
conftest.c:5: error: for each function it appears in.)
checked program was:
/* begin */
 1: #include "ruby.h"
 2: 
 3: /*top*/
 4: extern int t(void);
 5: int t(void) { void ((*volatile p)()); p = (void ((*)()))main; return 0; }
 6: int main(int argc, char **argv)
 7: {
 8:   if (argc > 1000000) {
 9:     printf("%p", &t);
10:   }
11: 
12:   return 0;
13: }
/* end */

"gcc-4.2 -o conftest -I/usr/local/var/rbenv/versions/2.0.0-p481/include/ruby-2.0.0/x86_64-darwin12.5.0 -I/usr/local/var/rbenv/versions/2.0.0-p481/include/ruby-2.0.0/ruby/backward -I/usr/local/var/rbenv/versions/2.0.0-p481/include/ruby-2.0.0 -I. -I/Users/cfreiden/Devs/devs_chef/server_deployement/kitchen_nightmare/.gems/gems/dep-selector-libgecode-1.0.1/lib/dep-selector-libgecode/vendored-gecode/include -I/usr/local/var/rbenv/versions/2.0.0-p481/include  -D_XOPEN_SOURCE -D_DARWIN_C_SOURCE -D_DARWIN_UNLIMITED_SELECT -D_REENTRANT    -O3 -Wno-error=shorten-64-to-32  -pipe conftest.c  -L. -L/usr/local/var/rbenv/versions/2.0.0-p481/lib -L/Users/cfreiden/Devs/devs_chef/server_deployement/kitchen_nightmare/.gems/gems/dep-selector-libgecode-1.0.1/lib/dep-selector-libgecode/vendored-gecode/lib -L. -L/usr/local/var/rbenv/versions/2.0.0-p481/lib     -lgecodesupport -lgecodesupport  -lruby-static -lgecodekernel -lgecodesupport -lgecodesupport  -lpthread -ldl -lobjc "
checked program was:
/* begin */
 1: #include "ruby.h"
 2: 
 3: /*top*/
 4: extern int t(void);
 5: int t(void) { main(); return 0; }
 6: int main(int argc, char **argv)
 7: {
 8:   if (argc > 1000000) {
 9:     printf("%p", &t);
10:   }
11: 
12:   return 0;
13: }
/* end */

--------------------

have_library: checking for main() in -lgecodeint... -------------------- yes

"gcc-4.2 -o conftest -I/usr/local/var/rbenv/versions/2.0.0-p481/include/ruby-2.0.0/x86_64-darwin12.5.0 -I/usr/local/var/rbenv/versions/2.0.0-p481/include/ruby-2.0.0/ruby/backward -I/usr/local/var/rbenv/versions/2.0.0-p481/include/ruby-2.0.0 -I. -I/Users/cfreiden/Devs/devs_chef/server_deployement/kitchen_nightmare/.gems/gems/dep-selector-libgecode-1.0.1/lib/dep-selector-libgecode/vendored-gecode/include -I/usr/local/var/rbenv/versions/2.0.0-p481/include  -D_XOPEN_SOURCE -D_DARWIN_C_SOURCE -D_DARWIN_UNLIMITED_SELECT -D_REENTRANT    -O3 -Wno-error=shorten-64-to-32  -pipe conftest.c  -L. -L/usr/local/var/rbenv/versions/2.0.0-p481/lib -L/Users/cfreiden/Devs/devs_chef/server_deployement/kitchen_nightmare/.gems/gems/dep-selector-libgecode-1.0.1/lib/dep-selector-libgecode/vendored-gecode/lib -L. -L/usr/local/var/rbenv/versions/2.0.0-p481/lib     -lgecodekernel -lgecodesupport -lgecodesupport  -lruby-static -lgecodeint -lgecodekernel -lgecodesupport -lgecodesupport  -lpthread -ldl -lobjc "
conftest.c: In function ‘t’:
conftest.c:5: error: ‘main’ undeclared (first use in this function)
conftest.c:5: error: (Each undeclared identifier is reported only once
conftest.c:5: error: for each function it appears in.)
checked program was:
/* begin */
 1: #include "ruby.h"
 2: 
 3: /*top*/
 4: extern int t(void);
 5: int t(void) { void ((*volatile p)()); p = (void ((*)()))main; return 0; }
 6: int main(int argc, char **argv)
 7: {
 8:   if (argc > 1000000) {
 9:     printf("%p", &t);
10:   }
11: 
12:   return 0;
13: }
/* end */

"gcc-4.2 -o conftest -I/usr/local/var/rbenv/versions/2.0.0-p481/include/ruby-2.0.0/x86_64-darwin12.5.0 -I/usr/local/var/rbenv/versions/2.0.0-p481/include/ruby-2.0.0/ruby/backward -I/usr/local/var/rbenv/versions/2.0.0-p481/include/ruby-2.0.0 -I. -I/Users/cfreiden/Devs/devs_chef/server_deployement/kitchen_nightmare/.gems/gems/dep-selector-libgecode-1.0.1/lib/dep-selector-libgecode/vendored-gecode/include -I/usr/local/var/rbenv/versions/2.0.0-p481/include  -D_XOPEN_SOURCE -D_DARWIN_C_SOURCE -D_DARWIN_UNLIMITED_SELECT -D_REENTRANT    -O3 -Wno-error=shorten-64-to-32  -pipe conftest.c  -L. -L/usr/local/var/rbenv/versions/2.0.0-p481/lib -L/Users/cfreiden/Devs/devs_chef/server_deployement/kitchen_nightmare/.gems/gems/dep-selector-libgecode-1.0.1/lib/dep-selector-libgecode/vendored-gecode/lib -L. -L/usr/local/var/rbenv/versions/2.0.0-p481/lib     -lgecodekernel -lgecodesupport -lgecodesupport  -lruby-static -lgecodeint -lgecodekernel -lgecodesupport -lgecodesupport  -lpthread -ldl -lobjc "
checked program was:
/* begin */
 1: #include "ruby.h"
 2: 
 3: /*top*/
 4: extern int t(void);
 5: int t(void) { main(); return 0; }
 6: int main(int argc, char **argv)
 7: {
 8:   if (argc > 1000000) {
 9:     printf("%p", &t);
10:   }
11: 
12:   return 0;
13: }
/* end */

--------------------

have_library: checking for main() in -lgecodeminimodel... -------------------- yes

"gcc-4.2 -o conftest -I/usr/local/var/rbenv/versions/2.0.0-p481/include/ruby-2.0.0/x86_64-darwin12.5.0 -I/usr/local/var/rbenv/versions/2.0.0-p481/include/ruby-2.0.0/ruby/backward -I/usr/local/var/rbenv/versions/2.0.0-p481/include/ruby-2.0.0 -I. -I/Users/cfreiden/Devs/devs_chef/server_deployement/kitchen_nightmare/.gems/gems/dep-selector-libgecode-1.0.1/lib/dep-selector-libgecode/vendored-gecode/include -I/usr/local/var/rbenv/versions/2.0.0-p481/include  -D_XOPEN_SOURCE -D_DARWIN_C_SOURCE -D_DARWIN_UNLIMITED_SELECT -D_REENTRANT    -O3 -Wno-error=shorten-64-to-32  -pipe conftest.c  -L. -L/usr/local/var/rbenv/versions/2.0.0-p481/lib -L/Users/cfreiden/Devs/devs_chef/server_deployement/kitchen_nightmare/.gems/gems/dep-selector-libgecode-1.0.1/lib/dep-selector-libgecode/vendored-gecode/lib -L. -L/usr/local/var/rbenv/versions/2.0.0-p481/lib     -lgecodeint -lgecodekernel -lgecodesupport -lgecodesupport  -lruby-static -lgecodeminimodel -lgecodeint -lgecodekernel -lgecodesupport -lgecodesupport  -lpthread -ldl -lobjc "
conftest.c: In function ‘t’:
conftest.c:5: error: ‘main’ undeclared (first use in this function)
conftest.c:5: error: (Each undeclared identifier is reported only once
conftest.c:5: error: for each function it appears in.)
checked program was:
/* begin */
 1: #include "ruby.h"
 2: 
 3: /*top*/
 4: extern int t(void);
 5: int t(void) { void ((*volatile p)()); p = (void ((*)()))main; return 0; }
 6: int main(int argc, char **argv)
 7: {
 8:   if (argc > 1000000) {
 9:     printf("%p", &t);
10:   }
11: 
12:   return 0;
13: }
/* end */

"gcc-4.2 -o conftest -I/usr/local/var/rbenv/versions/2.0.0-p481/include/ruby-2.0.0/x86_64-darwin12.5.0 -I/usr/local/var/rbenv/versions/2.0.0-p481/include/ruby-2.0.0/ruby/backward -I/usr/local/var/rbenv/versions/2.0.0-p481/include/ruby-2.0.0 -I. -I/Users/cfreiden/Devs/devs_chef/server_deployement/kitchen_nightmare/.gems/gems/dep-selector-libgecode-1.0.1/lib/dep-selector-libgecode/vendored-gecode/include -I/usr/local/var/rbenv/versions/2.0.0-p481/include  -D_XOPEN_SOURCE -D_DARWIN_C_SOURCE -D_DARWIN_UNLIMITED_SELECT -D_REENTRANT    -O3 -Wno-error=shorten-64-to-32  -pipe conftest.c  -L. -L/usr/local/var/rbenv/versions/2.0.0-p481/lib -L/Users/cfreiden/Devs/devs_chef/server_deployement/kitchen_nightmare/.gems/gems/dep-selector-libgecode-1.0.1/lib/dep-selector-libgecode/vendored-gecode/lib -L. -L/usr/local/var/rbenv/versions/2.0.0-p481/lib     -lgecodeint -lgecodekernel -lgecodesupport -lgecodesupport  -lruby-static -lgecodeminimodel -lgecodeint -lgecodekernel -lgecodesupport -lgecodesupport  -lpthread -ldl -lobjc "
checked program was:
/* begin */
 1: #include "ruby.h"
 2: 
 3: /*top*/
 4: extern int t(void);
 5: int t(void) { main(); return 0; }
 6: int main(int argc, char **argv)
 7: {
 8:   if (argc > 1000000) {
 9:     printf("%p", &t);
10:   }
11: 
12:   return 0;
13: }
/* end */

--------------------

have_library: checking for main() in -lgecodesearch... -------------------- yes

"gcc-4.2 -o conftest -I/usr/local/var/rbenv/versions/2.0.0-p481/include/ruby-2.0.0/x86_64-darwin12.5.0 -I/usr/local/var/rbenv/versions/2.0.0-p481/include/ruby-2.0.0/ruby/backward -I/usr/local/var/rbenv/versions/2.0.0-p481/include/ruby-2.0.0 -I. -I/Users/cfreiden/Devs/devs_chef/server_deployement/kitchen_nightmare/.gems/gems/dep-selector-libgecode-1.0.1/lib/dep-selector-libgecode/vendored-gecode/include -I/usr/local/var/rbenv/versions/2.0.0-p481/include  -D_XOPEN_SOURCE -D_DARWIN_C_SOURCE -D_DARWIN_UNLIMITED_SELECT -D_REENTRANT    -O3 -Wno-error=shorten-64-to-32  -pipe conftest.c  -L. -L/usr/local/var/rbenv/versions/2.0.0-p481/lib -L/Users/cfreiden/Devs/devs_chef/server_deployement/kitchen_nightmare/.gems/gems/dep-selector-libgecode-1.0.1/lib/dep-selector-libgecode/vendored-gecode/lib -L. -L/usr/local/var/rbenv/versions/2.0.0-p481/lib     -lgecodeminimodel -lgecodeint -lgecodekernel -lgecodesupport -lgecodesupport  -lruby-static -lgecodesearch -lgecodeminimodel -lgecodeint -lgecodekernel -lgecodesupport -lgecodesupport  -lpthread -ldl -lobjc "
conftest.c: In function ‘t’:
conftest.c:5: error: ‘main’ undeclared (first use in this function)
conftest.c:5: error: (Each undeclared identifier is reported only once
conftest.c:5: error: for each function it appears in.)
checked program was:
/* begin */
 1: #include "ruby.h"
 2: 
 3: /*top*/
 4: extern int t(void);
 5: int t(void) { void ((*volatile p)()); p = (void ((*)()))main; return 0; }
 6: int main(int argc, char **argv)
 7: {
 8:   if (argc > 1000000) {
 9:     printf("%p", &t);
10:   }
11: 
12:   return 0;
13: }
/* end */

"gcc-4.2 -o conftest -I/usr/local/var/rbenv/versions/2.0.0-p481/include/ruby-2.0.0/x86_64-darwin12.5.0 -I/usr/local/var/rbenv/versions/2.0.0-p481/include/ruby-2.0.0/ruby/backward -I/usr/local/var/rbenv/versions/2.0.0-p481/include/ruby-2.0.0 -I. -I/Users/cfreiden/Devs/devs_chef/server_deployement/kitchen_nightmare/.gems/gems/dep-selector-libgecode-1.0.1/lib/dep-selector-libgecode/vendored-gecode/include -I/usr/local/var/rbenv/versions/2.0.0-p481/include  -D_XOPEN_SOURCE -D_DARWIN_C_SOURCE -D_DARWIN_UNLIMITED_SELECT -D_REENTRANT    -O3 -Wno-error=shorten-64-to-32  -pipe conftest.c  -L. -L/usr/local/var/rbenv/versions/2.0.0-p481/lib -L/Users/cfreiden/Devs/devs_chef/server_deployement/kitchen_nightmare/.gems/gems/dep-selector-libgecode-1.0.1/lib/dep-selector-libgecode/vendored-gecode/lib -L. -L/usr/local/var/rbenv/versions/2.0.0-p481/lib     -lgecodeminimodel -lgecodeint -lgecodekernel -lgecodesupport -lgecodesupport  -lruby-static -lgecodesearch -lgecodeminimodel -lgecodeint -lgecodekernel -lgecodesupport -lgecodesupport  -lpthread -ldl -lobjc "
checked program was:
/* begin */
 1: #include "ruby.h"
 2: 
 3: /*top*/
 4: extern int t(void);
 5: int t(void) { main(); return 0; }
 6: int main(int argc, char **argv)
 7: {
 8:   if (argc > 1000000) {
 9:     printf("%p", &t);
10:   }
11: 
12:   return 0;
13: }
/* end */

--------------------

